#
# There is insufficient memory for the Java Runtime Environment to continue.
# Native memory allocation (malloc) failed to allocate 2515584 bytes for Chunk::new
# Possible reasons:
#   The system is out of physical RAM or swap space
#   The process is running with CompressedOops enabled, and the Java Heap may be blocking the growth of the native heap
# Possible solutions:
#   Reduce memory load on the system
#   Increase physical memory or swap space
#   Check if swap backing store is full
#   Decrease Java heap size (-Xmx/-Xms)
#   Decrease number of Java threads
#   Decrease Java thread stack sizes (-Xss)
#   Set larger code cache with -XX:ReservedCodeCacheSize=
#   JVM is running with Unscaled Compressed Oops mode in which the Java heap is
#     placed in the first 4GB address space. The Java Heap base address is the
#     maximum limit for the native heap growth. Please use -XX:HeapBaseMinAddress
#     to set the Java Heap base and to place the Java Heap above 4GB virtual address.
# This output file may be truncated or incomplete.
#
#  Out of Memory Error (arena.cpp:189), pid=19376, tid=12976
#
# JRE version: OpenJDK Runtime Environment (17.0.6) (build 17.0.6+0-b2043.56-9586694)
# Java VM: OpenJDK 64-Bit Server VM (17.0.6+0-b2043.56-9586694, mixed mode, tiered, compressed oops, compressed class ptrs, g1 gc, windows-amd64)
# No core dump will be written. Minidumps are not enabled by default on client versions of Windows
#

---------------  S U M M A R Y ------------

Command Line: --add-opens=java.base/java.util=ALL-UNNAMED --add-opens=java.base/java.lang=ALL-UNNAMED --add-opens=java.base/java.lang.invoke=ALL-UNNAMED --add-opens=java.base/java.util=ALL-UNNAMED --add-opens=java.prefs/java.util.prefs=ALL-UNNAMED --add-opens=java.prefs/java.util.prefs=ALL-UNNAMED --add-opens=java.base/java.nio.charset=ALL-UNNAMED --add-opens=java.base/java.net=ALL-UNNAMED --add-opens=java.base/java.util.concurrent.atomic=ALL-UNNAMED -Xmx1536M -Dfile.encoding=windows-1252 -Duser.country=CA -Duser.language=fr -Duser.variant org.gradle.launcher.daemon.bootstrap.GradleDaemon 7.5

Host: Intel(R) Core(TM) i7-6600U CPU @ 2.60GHz, 4 cores, 7G,  Windows 10 , 64 bit Build 19041 (10.0.19041.1741)
Time: Wed Jun  7 00:39:14 2023 Paris, Madrid (heure duild 19041 (10.0.19041.1741) elapsed time: 17.615549 seconds (0d 0h 0m 17s)

---------------  T H R E A D  ---------------

Current thread (0x000001bb7c0b58b0):  JavaThread "C2 CompilerThread1" daemon [_thread_in_native, id=12976, stack(0x0000002831e00000,0x0000002831f00000)]


Current CompileTask:
C2:  17615 7775       4       com.sun.beans.TypeResolver::resolve (37 bytes)

Stack: [0x0000002831e00000,0x0000002831f00000]
Native frames: (J=compiled Java code, j=interpreted, Vv=VM code, C=native code)
V  [jvm.dll+0x683b4a]
V  [jvm.dll+0x842654]
V  [jvm.dll+0x843dfe]
V  [jvm.dll+0x844463]
V  [jvm.dll+0x249b75]
V  [jvm.dll+0xabcac]
V  [jvm.dll+0xac27c]
V  [jvm.dll+0x368857]
V  [jvm.dll+0x332f31]
V  [jvm.dll+0x3323da]
V  [jvm.dll+0x21c201]
V  [jvm.dll+0x21b621]
V  [jvm.dll+0x1a4fdd]
V  [jvm.dll+0x22b098]
V  [jvm.dll+0x229159]
V  [jvm.dll+0x7f809c]
V  [jvm.dll+0x7f25fa]
V  [jvm.dll+0x682985]
C  [ucrtbase.dll+0x21bb2]
C  [KERNEL32.DLL+0x17034]
C  [ntdll.dll+0x52651]


---------------  P R O C E S S  ---------------

Threads class SMR info:
_java_thread_list=0x000001bb7c742af0, length=81, elements={
0x000001bb5f05e630, 0x000001bb77333140, 0x000001bb77337c10, 0x000001bb7735b430,
0x000001bb7735dd00, 0x000001bb7735e5c0, 0x000001bb77d4b010, 0x000001bb77d4bc00,
0x000001bb77d4e510, 0x000001bb77db1270, 0x000001bb77ed70c0, 0x000001bb77ed7da0,
0x000001bb79527890, 0x000001bb79527d60, 0x000001bb79528230, 0x000001bb79529f10,
0x000001bb795290a0, 0x000001bb79529570, 0x000001bb7952a3e0, 0x000001bb7952a8b0,
0x000001bb7952b250, 0x000001bb79528700, 0x000001bb79528bd0, 0x000001bb79529a40,
0x000001bb7952ad80, 0x000001bb7b338740, 0x000001bb7b333a40, 0x000001bb7b3343e0,
0x000001bb7b336f30, 0x000001bb7b335250, 0x000001bb7b3348b0, 0x000001bb7b3330a0,
0x000001bb7b339a80, 0x000001bb7b334d80, 0x000001bb7b333f10, 0x000001bb7b336a60,
0x000001bb7b335bf0, 0x000001bb7b33a420, 0x000001bb7b3378d0, 0x000001bb7b338270,
0x000001bb7b3390e0, 0x000001bb7b3395b0, 0x000001bb7b33a8f0, 0x000001bb7b333570,
0x000001bb7ada6ca0, 0x000001bb7ada7170, 0x000001bb7adabe70, 0x000001bb7ada7b10,
0x000001bb7ada5960, 0x000001bb7ada8980, 0x000001bb7adab9a0, 0x000001bb7ada7640,
0x000001bb7ada84b0, 0x000001bb7ada7fe0, 0x000001bb7ada9320, 0x000001bb7adab4d0,
0x000001bb7ada5e30, 0x000001bb7ada97f0, 0x000001bb7ada8e50, 0x000001bb7ada9cc0,
0x000001bb7adaa190, 0x000001bb7adaa660, 0x000001bb7ada6300, 0x000001bb7adab000,
0x000001bb7ada67d0, 0x000001bb7ada4620, 0x000001bb7adaab30, 0x000001bb7ada4af0,
0x000001bb7ada4fc0, 0x000001bb7ada5490, 0x000001bb7cbab930, 0x000001bb7cbab460,
0x000001bb7cbac2d0, 0x000001bb7cba92b0, 0x000001bb7cba7100, 0x000001bb7cba7f70,
0x000001bb7cba8de0, 0x000001bb7cbabe00, 0x000001bb7cba9c50, 0x000001bb7c0b58b0,
0x000001bb7cba9780
}

Java Threads: ( => current thread )
  0x000001bb5f05e630 JavaThread "main" [_thread_blocked, id=8932, stack(0x000000282fb00000,0x000000282fc00000)]
  0x000001bb77333140 JavaThread "Reference Handler" daemon [_thread_blocked, id=12812, stack(0x0000002830200000,0x0000002830300000)]
  0x000001bb77337c10 JavaThread "Finalizer" daemon [_thread_blocked, id=3692, stack(0x0000002830300000,0x0000002830400000)]
  0x000001bb7735b430 JavaThread "Signal Dispatcher" daemon [_thread_blocked, id=16688, stack(0x0000002830400000,0x0000002830500000)]
  0x000001bb7735dd00 JavaThread "Attach Listener" daemon [_thread_blocked, id=2656, stack(0x0000002830500000,0x0000002830600000)]
  0x000001bb7735e5c0 JavaThread "Service Thread" daemon [_thread_blocked, id=10780, stack(0x0000002830600000,0x0000002830700000)]
  0x000001bb77d4b010 JavaThread "Monitor Deflation Thread" daemon [_thread_blocked, id=16032, stack(0x0000002830700000,0x0000002830800000)]
  0x000001bb77d4bc00 JavaThread "C2 CompilerThread0" daemon [_thread_in_native, id=11672, stack(0x0000002830800000,0x0000002830900000)]
  0x000001bb77d4e510 JavaThread "C1 CompilerThread0" daemon [_thread_blocked, id=5280, stack(0x0000002830900000,0x0000002830a00000)]
  0x000001bb77db1270 JavaThread "Sweeper thread" daemon [_thread_blocked, id=1896, stack(0x0000002830a00000,0x0000002830b00000)]
  0x000001bb77ed70c0 JavaThread "Common-Cleaner" daemon [_thread_blocked, id=17772, stack(0x0000002830b00000,0x0000002830c00000)]
  0x000001bb77ed7da0 JavaThread "Notification Thread" daemon [_thread_blocked, id=3712, stack(0x0000002830c00000,0x0000002830d00000)]
  0x000001bb79527890 JavaThread "Daemon health stats" [_thread_blocked, id=5296, stack(0x0000002831200000,0x0000002831300000)]
  0x000001bb79527d60 JavaThread "Incoming local TCP Connector on port 63119" [_thread_in_native, id=10504, stack(0x0000002831100000,0x0000002831200000)]
  0x000001bb79528230 JavaThread "Daemon periodic checks" [_thread_blocked, id=15660, stack(0x0000002831300000,0x0000002831400000)]
  0x000001bb79529f10 JavaThread "Daemon" [_thread_blocked, id=11660, stack(0x0000002831400000,0x0000002831500000)]
  0x000001bb795290a0 JavaThread "Handler for socket connection from /127.0.0.1:63119 to /127.0.0.1:63120" [_thread_in_native, id=17672, stack(0x0000002831500000,0x0000002831600000)]
  0x000001bb79529570 JavaThread "Cancel handler" [_thread_blocked, id=4212, stack(0x0000002831600000,0x0000002831700000)]
  0x000001bb7952a3e0 JavaThread "Daemon worker" [_thread_blocked, id=9812, stack(0x0000002831700000,0x0000002831800000)]
  0x000001bb7952a8b0 JavaThread "Asynchronous log dispatcher for DefaultDaemonConnection: socket connection from /127.0.0.1:63119 to /127.0.0.1:63120" [_thread_blocked, id=13164, stack(0x0000002831800000,0x0000002831900000)]
  0x000001bb7952b250 JavaThread "Stdin handler" [_thread_blocked, id=2196, stack(0x0000002831900000,0x0000002831a00000)]
  0x000001bb79528700 JavaThread "Daemon client event forwarder" [_thread_blocked, id=9536, stack(0x0000002831a00000,0x0000002831b00000)]
  0x000001bb79528bd0 JavaThread "Cache worker for journal cache (C:\Users\HP 840 G3\.gradle\caches\journal-1)" [_thread_blocked, id=13964, stack(0x0000002831b00000,0x0000002831c00000)]
  0x000001bb79529a40 JavaThread "File lock request listener" [_thread_in_native, id=13920, stack(0x0000002831c00000,0x0000002831d00000)]
  0x000001bb7952ad80 JavaThread "Cache worker for file hash cache (C:\Users\HP 840 G3\.gradle\caches\7.5\fileHashes)" [_thread_blocked, id=2304, stack(0x0000002831d00000,0x0000002831e00000)]
  0x000001bb7b338740 JavaThread "File watcher server" daemon [_thread_in_native, id=17908, stack(0x0000002831f00000,0x0000002832000000)]
  0x000001bb7b333a40 JavaThread "File watcher consumer" daemon [_thread_blocked, id=17976, stack(0x0000002832000000,0x0000002832100000)]
  0x000001bb7b3343e0 JavaThread "Cache worker for checksums cache (E:\Odoo\android\.gradle\7.5\checksums)" [_thread_blocked, id=15076, stack(0x0000002832100000,0x0000002832200000)]
  0x000001bb7b336f30 JavaThread "Cache worker for cache directory md-rule (C:\Users\HP 840 G3\.gradle\caches\7.5\md-rule)" [_thread_blocked, id=15916, stack(0x0000002832200000,0x0000002832300000)]
  0x000001bb7b335250 JavaThread "Cache worker for file content cache (C:\Users\HP 840 G3\.gradle\caches\7.5\fileContent)" [_thread_blocked, id=12088, stack(0x0000002832300000,0x0000002832400000)]
  0x000001bb7b3348b0 JavaThread "Cache worker for file hash cache (E:\Odoo\android\.gradle\7.5\fileHashes)" [_thread_blocked, id=13416, stack(0x0000002832400000,0x0000002832500000)]
  0x000001bb7b3330a0 JavaThread "Cache worker for cache directory md-supplier (C:\Users\HP 840 G3\.gradle\caches\7.5\md-supplier)" [_thread_blocked, id=12496, stack(0x0000002832500000,0x0000002832600000)]
  0x000001bb7b339a80 JavaThread "Cache worker for execution history cache (C:\Users\HP 840 G3\.gradle\caches\7.5\executionHistory)" [_thread_blocked, id=1768, stack(0x0000002832600000,0x0000002832700000)]
  0x000001bb7b334d80 JavaThread "jar transforms" [_thread_blocked, id=9148, stack(0x0000002832700000,0x0000002832800000)]
  0x000001bb7b333f10 JavaThread "jar transforms Thread 2" [_thread_blocked, id=13064, stack(0x0000002832800000,0x0000002832900000)]
  0x000001bb7b336a60 JavaThread "jar transforms Thread 3" [_thread_blocked, id=15592, stack(0x0000002832900000,0x0000002832a00000)]
  0x000001bb7b335bf0 JavaThread "jar transforms Thread 4" [_thread_blocked, id=6508, stack(0x0000002832a00000,0x0000002832b00000)]
  0x000001bb7b33a420 JavaThread "Cache worker for dependencies-accessors (E:\Odoo\android\.gradle\7.5\dependencies-accessors)" [_thread_blocked, id=12968, stack(0x0000002832b00000,0x0000002832c00000)]
  0x000001bb7b3378d0 JavaThread "Cache worker for Build Output Cleanup Cache (E:\Odoo\android\.gradle\buildOutputCleanup)" [_thread_blocked, id=18360, stack(0x0000002832c00000,0x0000002832d00000)]
  0x000001bb7b338270 JavaThread "Unconstrained build operations" [_thread_blocked, id=19172, stack(0x0000002832d00000,0x0000002832e00000)]
  0x000001bb7b3390e0 JavaThread "Unconstrained build operations Thread 2" [_thread_blocked, id=12924, stack(0x0000002832e00000,0x0000002832f00000)]
  0x000001bb7b3395b0 JavaThread "Unconstrained build operations Thread 3" [_thread_blocked, id=18256, stack(0x0000002832f00000,0x0000002833000000)]
  0x000001bb7b33a8f0 JavaThread "Unconstrained build operations Thread 4" [_thread_blocked, id=7128, stack(0x0000002833000000,0x0000002833100000)]
  0x000001bb7b333570 JavaThread "Unconstrained build operations Thread 5" [_thread_blocked, id=9548, stack(0x0000002833100000,0x0000002833200000)]
  0x000001bb7ada6ca0 JavaThread "Unconstrained build operations Thread 6" [_thread_blocked, id=18668, stack(0x0000002833200000,0x0000002833300000)]
  0x000001bb7ada7170 JavaThread "Unconstrained build operations Thread 7" [_thread_blocked, id=12912, stack(0x0000002833300000,0x0000002833400000)]
  0x000001bb7adabe70 JavaThread "Unconstrained build operations Thread 8" [_thread_blocked, id=2944, stack(0x0000002833400000,0x0000002833500000)]
  0x000001bb7ada7b10 JavaThread "Unconstrained build operations Thread 9" [_thread_blocked, id=13200, stack(0x0000002833500000,0x0000002833600000)]
  0x000001bb7ada5960 JavaThread "Unconstrained build operations Thread 10" [_thread_blocked, id=19204, stack(0x0000002833600000,0x0000002833700000)]
  0x000001bb7ada8980 JavaThread "Unconstrained build operations Thread 11" [_thread_blocked, id=13508, stack(0x0000002833700000,0x0000002833800000)]
  0x000001bb7adab9a0 JavaThread "Unconstrained build operations Thread 12" [_thread_blocked, id=10296, stack(0x0000002833800000,0x0000002833900000)]
  0x000001bb7ada7640 JavaThread "Unconstrained build operations Thread 13" [_thread_blocked, id=13532, stack(0x0000002833900000,0x0000002833a00000)]
  0x000001bb7ada84b0 JavaThread "Unconstrained build operations Thread 14" [_thread_blocked, id=13108, stack(0x0000002833a00000,0x0000002833b00000)]
  0x000001bb7ada7fe0 JavaThread "Unconstrained build operations Thread 15" [_thread_blocked, id=13752, stack(0x0000002833b00000,0x0000002833c00000)]
  0x000001bb7ada9320 JavaThread "Unconstrained build operations Thread 16" [_thread_blocked, id=18304, stack(0x0000002833c00000,0x0000002833d00000)]
  0x000001bb7adab4d0 JavaThread "Unconstrained build operations Thread 17" [_thread_blocked, id=10860, stack(0x0000002833d00000,0x0000002833e00000)]
  0x000001bb7ada5e30 JavaThread "Unconstrained build operations Thread 18" [_thread_blocked, id=17944, stack(0x0000002833e00000,0x0000002833f00000)]
  0x000001bb7ada97f0 JavaThread "Unconstrained build operations Thread 19" [_thread_blocked, id=6048, stack(0x0000002833f00000,0x0000002834000000)]
  0x000001bb7ada8e50 JavaThread "Unconstrained build operations Thread 20" [_thread_blocked, id=2180, stack(0x0000002834000000,0x0000002834100000)]
  0x000001bb7ada9cc0 JavaThread "Unconstrained build operations Thread 21" [_thread_blocked, id=4540, stack(0x0000002834100000,0x0000002834200000)]
  0x000001bb7adaa190 JavaThread "Unconstrained build operations Thread 22" [_thread_blocked, id=14268, stack(0x0000002834200000,0x0000002834300000)]
  0x000001bb7adaa660 JavaThread "Unconstrained build operations Thread 23" [_thread_blocked, id=3888, stack(0x0000002834300000,0x0000002834400000)]
  0x000001bb7ada6300 JavaThread "Unconstrained build operations Thread 24" [_thread_blocked, id=13112, stack(0x0000002834400000,0x0000002834500000)]
  0x000001bb7adab000 JavaThread "Unconstrained build operations Thread 25" [_thread_blocked, id=13400, stack(0x0000002834500000,0x0000002834600000)]
  0x000001bb7ada67d0 JavaThread "Unconstrained build operations Thread 26" [_thread_blocked, id=5684, stack(0x0000002834600000,0x0000002834700000)]
  0x000001bb7ada4620 JavaThread "Unconstrained build operations Thread 27" [_thread_blocked, id=11928, stack(0x0000002834700000,0x0000002834800000)]
  0x000001bb7adaab30 JavaThread "Unconstrained build operations Thread 28" [_thread_blocked, id=15412, stack(0x0000002834800000,0x0000002834900000)]
  0x000001bb7ada4af0 JavaThread "Unconstrained build operations Thread 29" [_thread_blocked, id=15812, stack(0x0000002834900000,0x0000002834a00000)]
  0x000001bb7ada4fc0 JavaThread "Unconstrained build operations Thread 30" [_thread_blocked, id=13044, stack(0x0000002834a00000,0x0000002834b00000)]
  0x000001bb7ada5490 JavaThread "Unconstrained build operations Thread 31" [_thread_blocked, id=13860, stack(0x0000002834b00000,0x0000002834c00000)]
  0x000001bb7cbab930 JavaThread "Unconstrained build operations Thread 32" [_thread_blocked, id=9752, stack(0x0000002834c00000,0x0000002834d00000)]
  0x000001bb7cbab460 JavaThread "Unconstrained build operations Thread 33" [_thread_blocked, id=19040, stack(0x0000002834d00000,0x0000002834e00000)]
  0x000001bb7cbac2d0 JavaThread "Unconstrained build operations Thread 34" [_thread_blocked, id=14204, stack(0x0000002834e00000,0x0000002834f00000)]
  0x000001bb7cba92b0 JavaThread "Unconstrained build operations Thread 35" [_thread_blocked, id=3500, stack(0x0000002834f00000,0x0000002835000000)]
  0x000001bb7cba7100 JavaThread "Unconstrained build operations Thread 36" [_thread_blocked, id=11336, stack(0x0000002835000000,0x0000002835100000)]
  0x000001bb7cba7f70 JavaThread "Unconstrained build operations Thread 37" [_thread_blocked, id=7868, stack(0x0000002835100000,0x0000002835200000)]
  0x000001bb7cba8de0 JavaThread "Unconstrained build operations Thread 38" [_thread_blocked, id=992, stack(0x0000002835200000,0x0000002835300000)]
  0x000001bb7cbabe00 JavaThread "Unconstrained build operations Thread 39" [_thread_blocked, id=14600, stack(0x0000002835300000,0x0000002835400000)]
  0x000001bb7cba9c50 JavaThread "Unconstrained build operations Thread 40" [_thread_blocked, id=17384, stack(0x0000002835400000,0x0000002835500000)]
=>0x000001bb7c0b58b0 JavaThread "C2 CompilerThread1" daemon [_thread_in_native, id=12976, stack(0x0000002831e00000,0x0000002831f00000)]
  0x000001bb7cba9780 JavaThread "Memory manager" [_thread_blocked, id=6944, stack(0x0000002835500000,0x0000002835600000)]

Other Threads:
  0x000001bb772ed9d0 VMThread "VM Thread" [stack: 0x0000002830100000,0x0000002830200000] [id=6724]
  0x000001bb5f0bf410 WatcherThread [stack: 0x0000002830d00000,0x0000002830e00000] [id=13428]
  0x000001bb5f0a9910 GCTaskThread "GC Thread#0" [stack: 0x000000282fc00000,0x000000282fd00000] [id=14548]
  0x000001bb78233730 GCTaskThread "GC Thread#1" [stack: 0x0000002830f00000,0x0000002831000000] [id=14104]
  0x000001bb783fe0e0 GCTaskThread "GC Thread#2" [stack: 0x0000002831000000,0x0000002831100000] [id=4452]
  0x000001bb78c83c00 GCTaskThread "GC Thread#3" [stack: 0x0000002830e00000,0x0000002830f00000] [id=10468]
  0x000001bb5f0b6600 ConcurrentGCThread "G1 Main Marker" [stack: 0x000000282fd00000,0x000000282fe00000] [id=14168]
  0x000001bb5f0b7560 ConcurrentGCThread "G1 Conc#0" [stack: 0x000000282fe00000,0x000000282ff00000] [id=3080]
  0x000001bb5f1221e0 ConcurrentGCThread "G1 Refine#0" [stack: 0x000000282ff00000,0x0000002830000000] [id=17300]
  0x000001bb5f1229b0 ConcurrentGCThread "G1 Service" [stack: 0x0000002830000000,0x0000002830100000] [id=16964]

Threads with active compile tasks:
C2 CompilerThread0    17668 7751       4       java.beans.Introspector::addMethod (196 bytes)
C1 CompilerThread0    17668 7844       3       groovy.lang.MetaClassImpl::checkInitalised (58 bytes)
C2 CompilerThread1    17668 7775       4       com.sun.beans.TypeResolver::resolve (37 bytes)

VM state: at safepoint (normal execution)

VM Mutex/Monitor currently owned by a thread:  ([mutex/lock_event])
[0x000001bb5f05b950] Threads_lock - owner thread: 0x000001bb772ed9d0
[0x000001bb5f05b560] Heap_lock - owner thread: 0x000001bb7952a3e0

Heap address: 0x00000000a0000000, size: 1536 MB, Compressed Oops mode: 32-bit

CDS archive(s) not mapped
Compressed class space mapped at: 0x0000000100000000-0x0000000140000000, reserved size: 1073741824
Narrow klass base: 0x0000000000000000, Narrow klass shift: 3, Narrow klass range: 0x140000000

GC Precious Log:
 CPUs: 4 total, 4 available
 Memory: 8071M
 Large Page Support: Disabled
 NUMA Support: Disabled
 Compressed Oops: Enabled (32-bit)
 Heap Region Size: 1M
 Heap Min Capacity: 8M
 Heap Initial Capacity: 128M
 Heap Max Capacity: 1536M
 Pre-touch: Disabled
 Parallel Workers: 4
 Concurrent Workers: 1
 Concurrent Refinement Workers: 4
 Periodic GC: Disabled

Heap:
 garbage-first heap   total 134144K, used 100286K [0x00000000a0000000, 0x0000000100000000)
  region size 1024K, 42 young (43008K), 4 survivors (4096K)
 Metaspace       used 69836K, committed 70336K, reserved 1114112K
  class space    used 9116K, committed 9344K, reserved 1048576K

Heap Regions: E=young(eden), S=young(survivor), O=old, HS=humongous(starts), HC=humongous(continues), CS=collection set, F=free, OA=open archive, CA=closed archive, TAMS=top-at-mark-start (previous, next)
|   0|0x00000000a0000000, 0x00000000a0100000, 0x00000000a0100000|100%|HS|  |TAMS 0x00000000a0100000, 0x00000000a0100000| Complete 
|   1|0x00000000a0100000, 0x00000000a0200000, 0x00000000a0200000|100%|HC|  |TAMS 0x00000000a0200000, 0x00000000a0200000| Complete 
|   2|0x00000000a0200000, 0x00000000a0300000, 0x00000000a0300000|100%|HC|  |TAMS 0x00000000a0300000, 0x00000000a0300000| Complete 
|   3|0x00000000a0300000, 0x00000000a0400000, 0x00000000a0400000|100%| O|  |TAMS 0x00000000a0400000, 0x00000000a0400000| Untracked 
|   4|0x00000000a0400000, 0x00000000a0500000, 0x00000000a0500000|100%| O|  |TAMS 0x00000000a0500000, 0x00000000a0500000| Untracked 
|   5|0x00000000a0500000, 0x00000000a0600000, 0x00000000a0600000|100%| O|  |TAMS 0x00000000a0600000, 0x00000000a0600000| Untracked 
|   6|0x00000000a0600000, 0x00000000a0700000, 0x00000000a0700000|100%| O|  |TAMS 0x00000000a0700000, 0x00000000a0700000| Untracked 
|   7|0x00000000a0700000, 0x00000000a0800000, 0x00000000a0800000|100%| O|  |TAMS 0x00000000a0800000, 0x00000000a0800000| Untracked 
|   8|0x00000000a0800000, 0x00000000a0900000, 0x00000000a0900000|100%| O|  |TAMS 0x00000000a0900000, 0x00000000a0900000| Untracked 
|   9|0x00000000a0900000, 0x00000000a0a00000, 0x00000000a0a00000|100%| O|  |TAMS 0x00000000a0a00000, 0x00000000a0a00000| Untracked 
|  10|0x00000000a0a00000, 0x00000000a0b00000, 0x00000000a0b00000|100%| O|  |TAMS 0x00000000a0b00000, 0x00000000a0b00000| Untracked 
|  11|0x00000000a0b00000, 0x00000000a0c00000, 0x00000000a0c00000|100%| O|  |TAMS 0x00000000a0c00000, 0x00000000a0c00000| Untracked 
|  12|0x00000000a0c00000, 0x00000000a0d00000, 0x00000000a0d00000|100%| O|  |TAMS 0x00000000a0d00000, 0x00000000a0d00000| Untracked 
|  13|0x00000000a0d00000, 0x00000000a0e00000, 0x00000000a0e00000|100%| O|  |TAMS 0x00000000a0e00000, 0x00000000a0e00000| Untracked 
|  14|0x00000000a0e00000, 0x00000000a0f00000, 0x00000000a0f00000|100%| O|  |TAMS 0x00000000a0f00000, 0x00000000a0f00000| Untracked 
|  15|0x00000000a0f00000, 0x00000000a1000000, 0x00000000a1000000|100%| O|  |TAMS 0x00000000a1000000, 0x00000000a1000000| Untracked 
|  16|0x00000000a1000000, 0x00000000a1100000, 0x00000000a1100000|100%| O|  |TAMS 0x00000000a1100000, 0x00000000a1100000| Untracked 
|  17|0x00000000a1100000, 0x00000000a1200000, 0x00000000a1200000|100%| O|  |TAMS 0x00000000a1200000, 0x00000000a1200000| Untracked 
|  18|0x00000000a1200000, 0x00000000a1300000, 0x00000000a1300000|100%| O|  |TAMS 0x00000000a1300000, 0x00000000a1300000| Untracked 
|  19|0x00000000a1300000, 0x00000000a1400000, 0x00000000a1400000|100%| O|  |TAMS 0x00000000a1400000, 0x00000000a1400000| Untracked 
|  20|0x00000000a1400000, 0x00000000a1500000, 0x00000000a1500000|100%| O|  |TAMS 0x00000000a1500000, 0x00000000a1500000| Untracked 
|  21|0x00000000a1500000, 0x00000000a1600000, 0x00000000a1600000|100%| O|  |TAMS 0x00000000a1600000, 0x00000000a1600000| Untracked 
|  22|0x00000000a1600000, 0x00000000a1700000, 0x00000000a1700000|100%| O|  |TAMS 0x00000000a1700000, 0x00000000a1700000| Untracked 
|  23|0x00000000a1700000, 0x00000000a1800000, 0x00000000a1800000|100%| O|  |TAMS 0x00000000a1800000, 0x00000000a1800000| Untracked 
|  24|0x00000000a1800000, 0x00000000a1900000, 0x00000000a1900000|100%| O|  |TAMS 0x00000000a1900000, 0x00000000a1900000| Untracked 
|  25|0x00000000a1900000, 0x00000000a1a00000, 0x00000000a1a00000|100%| O|  |TAMS 0x00000000a1a00000, 0x00000000a1a00000| Untracked 
|  26|0x00000000a1a00000, 0x00000000a1b00000, 0x00000000a1b00000|100%| O|  |TAMS 0x00000000a1b00000, 0x00000000a1b00000| Untracked 
|  27|0x00000000a1b00000, 0x00000000a1c00000, 0x00000000a1c00000|100%| O|  |TAMS 0x00000000a1c00000, 0x00000000a1c00000| Untracked 
|  28|0x00000000a1c00000, 0x00000000a1d00000, 0x00000000a1d00000|100%| O|  |TAMS 0x00000000a1d00000, 0x00000000a1d00000| Untracked 
|  29|0x00000000a1d00000, 0x00000000a1e00000, 0x00000000a1e00000|100%| O|  |TAMS 0x00000000a1e00000, 0x00000000a1e00000| Untracked 
|  30|0x00000000a1e00000, 0x00000000a1f00000, 0x00000000a1f00000|100%| O|  |TAMS 0x00000000a1f00000, 0x00000000a1f00000| Untracked 
|  31|0x00000000a1f00000, 0x00000000a2000000, 0x00000000a2000000|100%| O|  |TAMS 0x00000000a2000000, 0x00000000a2000000| Untracked 
|  32|0x00000000a2000000, 0x00000000a2100000, 0x00000000a2100000|100%|HS|  |TAMS 0x00000000a2100000, 0x00000000a2100000| Complete 
|  33|0x00000000a2100000, 0x00000000a2200000, 0x00000000a2200000|100%|HS|  |TAMS 0x00000000a2200000, 0x00000000a2200000| Complete 
|  34|0x00000000a2200000, 0x00000000a2300000, 0x00000000a2300000|100%| O|  |TAMS 0x00000000a2300000, 0x00000000a2300000| Untracked 
|  35|0x00000000a2300000, 0x00000000a2400000, 0x00000000a2400000|100%|HS|  |TAMS 0x00000000a2400000, 0x00000000a2400000| Complete 
|  36|0x00000000a2400000, 0x00000000a2500000, 0x00000000a2500000|100%| O|  |TAMS 0x00000000a2500000, 0x00000000a2500000| Untracked 
|  37|0x00000000a2500000, 0x00000000a2600000, 0x00000000a2600000|100%| O|  |TAMS 0x00000000a2600000, 0x00000000a2600000| Untracked 
|  38|0x00000000a2600000, 0x00000000a2700000, 0x00000000a2700000|100%|HS|  |TAMS 0x00000000a2700000, 0x00000000a2700000| Complete 
|  39|0x00000000a2700000, 0x00000000a2800000, 0x00000000a2800000|100%|HC|  |TAMS 0x00000000a2800000, 0x00000000a2800000| Complete 
|  40|0x00000000a2800000, 0x00000000a2900000, 0x00000000a2900000|100%|HC|  |TAMS 0x00000000a2900000, 0x00000000a2900000| Complete 
|  41|0x00000000a2900000, 0x00000000a2a00000, 0x00000000a2a00000|100%| O|  |TAMS 0x00000000a2a00000, 0x00000000a2a00000| Untracked 
|  42|0x00000000a2a00000, 0x00000000a2b00000, 0x00000000a2b00000|100%|HS|  |TAMS 0x00000000a2b00000, 0x00000000a2b00000| Complete 
|  43|0x00000000a2b00000, 0x00000000a2c00000, 0x00000000a2c00000|100%|HC|  |TAMS 0x00000000a2c00000, 0x00000000a2c00000| Complete 
|  44|0x00000000a2c00000, 0x00000000a2d00000, 0x00000000a2d00000|100%| O|  |TAMS 0x00000000a2d00000, 0x00000000a2d00000| Untracked 
|  45|0x00000000a2d00000, 0x00000000a2e00000, 0x00000000a2e00000|100%| O|  |TAMS 0x00000000a2e00000, 0x00000000a2e00000| Untracked 
|  46|0x00000000a2e00000, 0x00000000a2f00000, 0x00000000a2f00000|100%| O|  |TAMS 0x00000000a2f00000, 0x00000000a2f00000| Untracked 
|  47|0x00000000a2f00000, 0x00000000a3000000, 0x00000000a3000000|100%| O|  |TAMS 0x00000000a3000000, 0x00000000a3000000| Untracked 
|  48|0x00000000a3000000, 0x00000000a3100000, 0x00000000a3100000|100%| O|  |TAMS 0x00000000a3100000, 0x00000000a3100000| Untracked 
|  49|0x00000000a3100000, 0x00000000a3200000, 0x00000000a3200000|100%| O|  |TAMS 0x00000000a317da00, 0x00000000a3200000| Untracked 
|  50|0x00000000a3200000, 0x00000000a3300000, 0x00000000a3300000|100%|HS|  |TAMS 0x00000000a3200000, 0x00000000a3200000| Complete 
|  51|0x00000000a3300000, 0x00000000a3400000, 0x00000000a3400000|100%| O|  |TAMS 0x00000000a3300000, 0x00000000a3300000| Untracked 
|  52|0x00000000a3400000, 0x00000000a3500000, 0x00000000a3500000|100%| O|  |TAMS 0x00000000a3400000, 0x00000000a3400000| Untracked 
|  53|0x00000000a3500000, 0x00000000a35500f0, 0x00000000a3600000| 31%| O|  |TAMS 0x00000000a3500000, 0x00000000a3500000| Untracked 
|  54|0x00000000a3600000, 0x00000000a3700000, 0x00000000a3700000|100%| O|  |TAMS 0x00000000a3600000, 0x00000000a3700000| Untracked 
|  55|0x00000000a3700000, 0x00000000a3800000, 0x00000000a3800000|100%| O|  |TAMS 0x00000000a3700000, 0x00000000a3800000| Untracked 
|  56|0x00000000a3800000, 0x00000000a3900000, 0x00000000a3900000|100%| O|  |TAMS 0x00000000a3800000, 0x00000000a3900000| Untracked 
|  57|0x00000000a3900000, 0x00000000a3900000, 0x00000000a3a00000|  0%| F|  |TAMS 0x00000000a3900000, 0x00000000a3900000| Untracked 
|  58|0x00000000a3a00000, 0x00000000a3b00000, 0x00000000a3b00000|100%| O|  |TAMS 0x00000000a3a00000, 0x00000000a3ac4a00| Untracked 
|  59|0x00000000a3b00000, 0x00000000a3b00000, 0x00000000a3c00000|  0%| F|  |TAMS 0x00000000a3b00000, 0x00000000a3b00000| Untracked 
|  60|0x00000000a3c00000, 0x00000000a3c00000, 0x00000000a3d00000|  0%| F|  |TAMS 0x00000000a3c00000, 0x00000000a3c00000| Untracked 
|  61|0x00000000a3d00000, 0x00000000a3d00000, 0x00000000a3e00000|  0%| F|  |TAMS 0x00000000a3d00000, 0x00000000a3d00000| Untracked 
|  62|0x00000000a3e00000, 0x00000000a3e00000, 0x00000000a3f00000|  0%| F|  |TAMS 0x00000000a3e00000, 0x00000000a3e00000| Untracked 
|  63|0x00000000a3f00000, 0x00000000a3f00000, 0x00000000a4000000|  0%| F|  |TAMS 0x00000000a3f00000, 0x00000000a3f00000| Untracked 
|  64|0x00000000a4000000, 0x00000000a4000000, 0x00000000a4100000|  0%| F|  |TAMS 0x00000000a4000000, 0x00000000a4000000| Untracked 
|  65|0x00000000a4100000, 0x00000000a4100000, 0x00000000a4200000|  0%| F|  |TAMS 0x00000000a4100000, 0x00000000a4100000| Untracked 
|  66|0x00000000a4200000, 0x00000000a4200000, 0x00000000a4300000|  0%| F|  |TAMS 0x00000000a4200000, 0x00000000a4200000| Untracked 
|  67|0x00000000a4300000, 0x00000000a4300000, 0x00000000a4400000|  0%| F|  |TAMS 0x00000000a4300000, 0x00000000a4300000| Untracked 
|  68|0x00000000a4400000, 0x00000000a4400000, 0x00000000a4500000|  0%| F|  |TAMS 0x00000000a4400000, 0x00000000a4400000| Untracked 
|  69|0x00000000a4500000, 0x00000000a4500000, 0x00000000a4600000|  0%| F|  |TAMS 0x00000000a4500000, 0x00000000a4500000| Untracked 
|  70|0x00000000a4600000, 0x00000000a4600000, 0x00000000a4700000|  0%| F|  |TAMS 0x00000000a4600000, 0x00000000a4600000| Untracked 
|  71|0x00000000a4700000, 0x00000000a4700000, 0x00000000a4800000|  0%| F|  |TAMS 0x00000000a4700000, 0x00000000a4700000| Untracked 
|  72|0x00000000a4800000, 0x00000000a4800000, 0x00000000a4900000|  0%| F|  |TAMS 0x00000000a4800000, 0x00000000a4800000| Untracked 
|  73|0x00000000a4900000, 0x00000000a4900000, 0x00000000a4a00000|  0%| F|  |TAMS 0x00000000a4900000, 0x00000000a4900000| Untracked 
|  74|0x00000000a4a00000, 0x00000000a4a00000, 0x00000000a4b00000|  0%| F|  |TAMS 0x00000000a4a00000, 0x00000000a4a00000| Untracked 
|  75|0x00000000a4b00000, 0x00000000a4b00000, 0x00000000a4c00000|  0%| F|  |TAMS 0x00000000a4b00000, 0x00000000a4b00000| Untracked 
|  76|0x00000000a4c00000, 0x00000000a4c00000, 0x00000000a4d00000|  0%| F|  |TAMS 0x00000000a4c00000, 0x00000000a4c00000| Untracked 
|  77|0x00000000a4d00000, 0x00000000a4d00000, 0x00000000a4e00000|  0%| F|  |TAMS 0x00000000a4d00000, 0x00000000a4d00000| Untracked 
|  78|0x00000000a4e00000, 0x00000000a4e00000, 0x00000000a4f00000|  0%| F|  |TAMS 0x00000000a4e00000, 0x00000000a4e00000| Untracked 
|  79|0x00000000a4f00000, 0x00000000a4f00000, 0x00000000a5000000|  0%| F|  |TAMS 0x00000000a4f00000, 0x00000000a4f00000| Untracked 
|  80|0x00000000a5000000, 0x00000000a5000000, 0x00000000a5100000|  0%| F|  |TAMS 0x00000000a5000000, 0x00000000a5000000| Untracked 
|  81|0x00000000a5100000, 0x00000000a5100000, 0x00000000a5200000|  0%| F|  |TAMS 0x00000000a5100000, 0x00000000a5100000| Untracked 
|  82|0x00000000a5200000, 0x00000000a5200000, 0x00000000a5300000|  0%| F|  |TAMS 0x00000000a5200000, 0x00000000a5200000| Untracked 
|  83|0x00000000a5300000, 0x00000000a5300000, 0x00000000a5400000|  0%| F|  |TAMS 0x00000000a5300000, 0x00000000a5300000| Untracked 
|  84|0x00000000a5400000, 0x00000000a5400000, 0x00000000a5500000|  0%| F|  |TAMS 0x00000000a5400000, 0x00000000a5400000| Untracked 
|  85|0x00000000a5500000, 0x00000000a5600000, 0x00000000a5600000|100%| S|  |TAMS 0x00000000a5500000, 0x00000000a5500000| Complete 
|  86|0x00000000a5600000, 0x00000000a5700000, 0x00000000a5700000|100%| S|  |TAMS 0x00000000a5600000, 0x00000000a5600000| Complete 
|  87|0x00000000a5700000, 0x00000000a5800000, 0x00000000a5800000|100%| S|  |TAMS 0x00000000a5700000, 0x00000000a5700000| Complete 
|  88|0x00000000a5800000, 0x00000000a5900000, 0x00000000a5900000|100%| S|  |TAMS 0x00000000a5800000, 0x00000000a5800000| Complete 
|  89|0x00000000a5900000, 0x00000000a5a00000, 0x00000000a5a00000|100%| E|CS|TAMS 0x00000000a5900000, 0x00000000a5900000| Complete 
|  90|0x00000000a5a00000, 0x00000000a5a88880, 0x00000000a5b00000| 53%| E|CS|TAMS 0x00000000a5a00000, 0x00000000a5a00000| Complete 
|  91|0x00000000a5b00000, 0x00000000a5c00000, 0x00000000a5c00000|100%| E|CS|TAMS 0x00000000a5b00000, 0x00000000a5b00000| Complete 
|  92|0x00000000a5c00000, 0x00000000a5d00000, 0x00000000a5d00000|100%| E|CS|TAMS 0x00000000a5c00000, 0x00000000a5c00000| Complete 
|  93|0x00000000a5d00000, 0x00000000a5e00000, 0x00000000a5e00000|100%| E|CS|TAMS 0x00000000a5d00000, 0x00000000a5d00000| Complete 
|  94|0x00000000a5e00000, 0x00000000a5f00000, 0x00000000a5f00000|100%| E|CS|TAMS 0x00000000a5e00000, 0x00000000a5e00000| Complete 
|  95|0x00000000a5f00000, 0x00000000a6000000, 0x00000000a6000000|100%| E|CS|TAMS 0x00000000a5f00000, 0x00000000a5f00000| Complete 
|  96|0x00000000a6000000, 0x00000000a6100000, 0x00000000a6100000|100%| E|CS|TAMS 0x00000000a6000000, 0x00000000a6000000| Complete 
|  97|0x00000000a6100000, 0x00000000a6200000, 0x00000000a6200000|100%| E|CS|TAMS 0x00000000a6100000, 0x00000000a6100000| Complete 
|  98|0x00000000a6200000, 0x00000000a6300000, 0x00000000a6300000|100%| E|CS|TAMS 0x00000000a6200000, 0x00000000a6200000| Complete 
|  99|0x00000000a6300000, 0x00000000a6400000, 0x00000000a6400000|100%| E|CS|TAMS 0x00000000a6300000, 0x00000000a6300000| Complete 
| 100|0x00000000a6400000, 0x00000000a6500000, 0x00000000a6500000|100%| E|CS|TAMS 0x00000000a6400000, 0x00000000a6400000| Complete 
| 101|0x00000000a6500000, 0x00000000a6600000, 0x00000000a6600000|100%| E|CS|TAMS 0x00000000a6500000, 0x00000000a6500000| Complete 
| 102|0x00000000a6600000, 0x00000000a6700000, 0x00000000a6700000|100%| E|CS|TAMS 0x00000000a6600000, 0x00000000a6600000| Complete 
| 103|0x00000000a6700000, 0x00000000a6800000, 0x00000000a6800000|100%| E|CS|TAMS 0x00000000a6700000, 0x00000000a6700000| Complete 
| 104|0x00000000a6800000, 0x00000000a6900000, 0x00000000a6900000|100%| E|CS|TAMS 0x00000000a6800000, 0x00000000a6800000| Complete 
| 105|0x00000000a6900000, 0x00000000a6a00000, 0x00000000a6a00000|100%| E|CS|TAMS 0x00000000a6900000, 0x00000000a6900000| Complete 
| 106|0x00000000a6a00000, 0x00000000a6b00000, 0x00000000a6b00000|100%| E|CS|TAMS 0x00000000a6a00000, 0x00000000a6a00000| Complete 
| 107|0x00000000a6b00000, 0x00000000a6c00000, 0x00000000a6c00000|100%| E|CS|TAMS 0x00000000a6b00000, 0x00000000a6b00000| Complete 
| 108|0x00000000a6c00000, 0x00000000a6d00000, 0x00000000a6d00000|100%| E|CS|TAMS 0x00000000a6c00000, 0x00000000a6c00000| Complete 
| 109|0x00000000a6d00000, 0x00000000a6e00000, 0x00000000a6e00000|100%| E|CS|TAMS 0x00000000a6d00000, 0x00000000a6d00000| Complete 
| 110|0x00000000a6e00000, 0x00000000a6f00000, 0x00000000a6f00000|100%| E|CS|TAMS 0x00000000a6e00000, 0x00000000a6e00000| Complete 
| 111|0x00000000a6f00000, 0x00000000a7000000, 0x00000000a7000000|100%| F|CS|TAMS 0x00000000a6f00000, 0x00000000a6f00000| Untracked 
| 112|0x00000000a7000000, 0x00000000a7000000, 0x00000000a7100000|  0%| F|CS|TAMS 0x00000000a7000000, 0x00000000a7000000| Untracked 
| 113|0x00000000a7100000, 0x00000000a7100000, 0x00000000a7200000|  0%| F|  |TAMS 0x00000000a7100000, 0x00000000a7100000| Untracked 
| 114|0x00000000a7200000, 0x00000000a7200000, 0x00000000a7300000|  0%| F|  |TAMS 0x00000000a7200000, 0x00000000a7200000| Untracked 
| 115|0x00000000a7300000, 0x00000000a7300000, 0x00000000a7400000|  0%| F|  |TAMS 0x00000000a7300000, 0x00000000a7300000| Untracked 
| 116|0x00000000a7400000, 0x00000000a7400000, 0x00000000a7500000|  0%| F|  |TAMS 0x00000000a7400000, 0x00000000a7400000| Untracked 
| 117|0x00000000a7500000, 0x00000000a7500000, 0x00000000a7600000|  0%| F|  |TAMS 0x00000000a7500000, 0x00000000a7500000| Untracked 
| 118|0x00000000a7600000, 0x00000000a7600000, 0x00000000a7700000|  0%| F|  |TAMS 0x00000000a7600000, 0x00000000a7600000| Untracked 
| 119|0x00000000a7700000, 0x00000000a7700000, 0x00000000a7800000|  0%| F|  |TAMS 0x00000000a7700000, 0x00000000a7700000| Untracked 
| 120|0x00000000a7800000, 0x00000000a7800000, 0x00000000a7900000|  0%| F|  |TAMS 0x00000000a7800000, 0x00000000a7800000| Untracked 
| 121|0x00000000a7900000, 0x00000000a7900000, 0x00000000a7a00000|  0%| F|  |TAMS 0x00000000a7900000, 0x00000000a7900000| Untracked 
| 122|0x00000000a7a00000, 0x00000000a7a00000, 0x00000000a7b00000|  0%| F|  |TAMS 0x00000000a7a00000, 0x00000000a7a00000| Untracked 
| 123|0x00000000a7b00000, 0x00000000a7b00000, 0x00000000a7c00000|  0%| F|  |TAMS 0x00000000a7b00000, 0x00000000a7b00000| Untracked 
| 124|0x00000000a7c00000, 0x00000000a7c00000, 0x00000000a7d00000|  0%| F|  |TAMS 0x00000000a7c00000, 0x00000000a7c00000| Untracked 
| 125|0x00000000a7d00000, 0x00000000a7d00000, 0x00000000a7e00000|  0%| F|  |TAMS 0x00000000a7d00000, 0x00000000a7d00000| Untracked 
| 126|0x00000000a7e00000, 0x00000000a7e00000, 0x00000000a7f00000|  0%| F|  |TAMS 0x00000000a7e00000, 0x00000000a7e00000| Untracked 
| 127|0x00000000a7f00000, 0x00000000a7f00000, 0x00000000a8000000|  0%| F|  |TAMS 0x00000000a7f00000, 0x00000000a7f00000| Untracked 
| 128|0x00000000a8000000, 0x00000000a8000000, 0x00000000a8100000|  0%| F|  |TAMS 0x00000000a8000000, 0x00000000a8000000| Untracked 
| 129|0x00000000a8100000, 0x00000000a8100000, 0x00000000a8200000|  0%| F|  |TAMS 0x00000000a8100000, 0x00000000a8100000| Untracked 
| 130|0x00000000a8200000, 0x00000000a8201260, 0x00000000a8300000|  0%| E|  |TAMS 0x00000000a8200000, 0x00000000a8200000| Complete 

Card table byte_map: [0x000001bb71830000,0x000001bb71b30000] _byte_map_base: 0x000001bb71330000

Marking Bits (Prev, Next): (CMBitMap*) 0x000001bb5f0a9d10, (CMBitMap*) 0x000001bb5f0a9cd0
 Prev Bits: [0x000001bb73630000, 0x000001bb74e30000)
 Next Bits: [0x000001bb71e30000, 0x000001bb73630000)

Polling page: 0x000001bb5ce20000

Metaspace:

Usage:
  Non-class:     59.30 MB used.
      Class:      8.90 MB used.
       Both:     68.20 MB used.

Virtual space:
  Non-class space:       64.00 MB reserved,      59.56 MB ( 93%) committed,  8 nodes.
      Class space:        1.00 GB reserved,       9.12 MB ( <1%) committed,  1 nodes.
             Both:        1.06 GB reserved,      68.69 MB (  6%) committed. 

Chunk freelists:
   Non-Class:  326.00 KB
       Class:  2.81 MB
        Both:  3.13 MB

MaxMetaspaceSize: unlimited
CompressedClassSpaceSize: 1.00 GB
Initial GC threshold: 21.00 MB
Current GC threshold: 102.31 MB
CDS: off
MetaspaceReclaimPolicy: balanced
 - commit_granule_bytes: 65536.
 - commit_granule_words: 8192.
 - virtual_space_node_default_size: 1048576.
 - enlarge_chunks_in_place: 1.
 - new_chunks_are_fully_committed: 0.
 - uncommit_free_chunks: 1.
 - use_allocation_guard: 0.
 - handle_deallocations: 1.


Internal statistics:

num_allocs_failed_limit: 11.
num_arena_births: 568.
num_arena_deaths: 0.
num_vsnodes_births: 9.
num_vsnodes_deaths: 0.
num_space_committed: 1099.
num_space_uncommitted: 0.
num_chunks_returned_to_freelist: 11.
num_chunks_taken_from_freelist: 2877.
num_chunk_merges: 3.
num_chunk_splits: 1939.
num_chunks_enlarged: 1350.
num_purges: 0.
num_inconsistent_stats: 0.

CodeHeap 'non-profiled nmethods': size=120000Kb used=3932Kb max_used=3932Kb free=116067Kb
 bounds [0x000001bb6a000000, 0x000001bb6a3e0000, 0x000001bb71530000]
CodeHeap 'profiled nmethods': size=120000Kb used=13969Kb max_used=13969Kb free=106030Kb
 bounds [0x000001bb62530000, 0x000001bb632e0000, 0x000001bb69a60000]
CodeHeap 'non-nmethods': size=5760Kb used=2357Kb max_used=2482Kb free=3402Kb
 bounds [0x000001bb69a60000, 0x000001bb69cd0000, 0x000001bb6a000000]
 total_blobs=7903 nmethods=7017 adapters=798
 compilation: enabled
              stopped_count=0, restarted_count=0
 full_count=0

Compilation events (20 events):
Event: 17.518 Thread 0x000001bb77d4e510 7815       3       groovyjarjarasm.asm.Type::getReturnTypeOffset (64 bytes)
Event: 17.520 Thread 0x000001bb77d4e510 nmethod 7815 0x000001bb632bf090 code [0x000001bb632bf3c0, 0x000001bb632c0898]
Event: 17.520 Thread 0x000001bb77d4e510 7816       3       groovyjarjarasm.asm.Edge::<init> (20 bytes)
Event: 17.520 Thread 0x000001bb77d4e510 nmethod 7816 0x000001bb632c1090 code [0x000001bb632c1240, 0x000001bb632c1478]
Event: 17.522 Thread 0x000001bb77d4e510 7817       3       java.lang.ClassValue$ClassValueMap::sizeCache (51 bytes)
Event: 17.522 Thread 0x000001bb77d4e510 nmethod 7817 0x000001bb632c1510 code [0x000001bb632c16e0, 0x000001bb632c1918]
Event: 17.531 Thread 0x000001bb77d4e510 7819       3       org.codehaus.groovy.reflection.ParameterTypes::correctArguments (79 bytes)
Event: 17.532 Thread 0x000001bb77d4e510 nmethod 7819 0x000001bb632c1a10 code [0x000001bb632c1c60, 0x000001bb632c25e8]
Event: 17.592 Thread 0x000001bb77d4e510 7821       3       org.codehaus.groovy.util.ManagedConcurrentLinkedQueue$Element::<init> (15 bytes)
Event: 17.592 Thread 0x000001bb77d4e510 nmethod 7821 0x000001bb632c2890 code [0x000001bb632c2a40, 0x000001bb632c2ca8]
Event: 17.593 Thread 0x000001bb77d4e510 7822       3       org.codehaus.groovy.reflection.CachedClass$8::initValue (5 bytes)
Event: 17.593 Thread 0x000001bb77d4e510 nmethod 7822 0x000001bb632c2e10 code [0x000001bb632c2fc0, 0x000001bb632c3108]
Event: 17.597 Thread 0x000001bb77d4e510 7823       3       java.beans.WeakIdentityMap::getIndex (7 bytes)
Event: 17.597 Thread 0x000001bb77d4e510 nmethod 7823 0x000001bb632c3190 code [0x000001bb632c3320, 0x000001bb632c3418]
Event: 17.602 Thread 0x000001bb77d4e510 7824       3       groovy.lang.MetaClassImpl::applyStrayPropertyMethods (288 bytes)
Event: 17.604 Thread 0x000001bb77d4e510 nmethod 7824 0x000001bb632c3510 code [0x000001bb632c39c0, 0x000001bb632c6318]
Event: 17.605 Thread 0x000001bb77d4e510 7825       3       org.codehaus.groovy.runtime.MetaClassHelper::convertToTypeArray (42 bytes)
Event: 17.605 Thread 0x000001bb77d4e510 nmethod 7825 0x000001bb632c7290 code [0x000001bb632c7480, 0x000001bb632c7c88]
Event: 17.608 Thread 0x000001bb77d4e510 7826       3       groovyjarjarasm.asm.MethodWriter::visitInsn (115 bytes)
Event: 17.609 Thread 0x000001bb77d4e510 nmethod 7826 0x000001bb632c7e90 code [0x000001bb632c8060, 0x000001bb632c84e8]

GC Heap History (20 events):
Event: 12.410 GC heap before
{Heap before GC invocations=25 (full 0):
 garbage-first heap   total 81920K, used 58426K [0x00000000a0000000, 0x0000000100000000)
  region size 1024K, 15 young (15360K), 3 survivors (3072K)
 Metaspace       used 51468K, committed 51904K, reserved 1097728K
  class space    used 6744K, committed 6912K, reserved 1048576K
}
Event: 12.413 GC heap after
{Heap after GC invocations=26 (full 0):
 garbage-first heap   total 81920K, used 50058K [0x00000000a0000000, 0x0000000100000000)
  region size 1024K, 2 young (2048K), 2 survivors (2048K)
 Metaspace       used 51468K, committed 51904K, reserved 1097728K
  class space    used 6744K, committed 6912K, reserved 1048576K
}
Event: 12.660 GC heap before
{Heap before GC invocations=26 (full 0):
 garbage-first heap   total 81920K, used 60298K [0x00000000a0000000, 0x0000000100000000)
  region size 1024K, 12 young (12288K), 2 survivors (2048K)
 Metaspace       used 52662K, committed 53120K, reserved 1097728K
  class space    used 6923K, committed 7104K, reserved 1048576K
}
Event: 12.663 GC heap after
{Heap after GC invocations=27 (full 0):
 garbage-first heap   total 81920K, used 50399K [0x00000000a0000000, 0x0000000100000000)
  region size 1024K, 1 young (1024K), 1 survivors (1024K)
 Metaspace       used 52662K, committed 53120K, reserved 1097728K
  class space    used 6923K, committed 7104K, reserved 1048576K
}
Event: 12.990 GC heap before
{Heap before GC invocations=28 (full 0):
 garbage-first heap   total 89088K, used 61663K [0x00000000a0000000, 0x0000000100000000)
  region size 1024K, 12 young (12288K), 1 survivors (1024K)
 Metaspace       used 54211K, committed 54656K, reserved 1097728K
  class space    used 7117K, committed 7296K, reserved 1048576K
}
Event: 12.993 GC heap after
{Heap after GC invocations=29 (full 0):
 garbage-first heap   total 89088K, used 50845K [0x00000000a0000000, 0x0000000100000000)
  region size 1024K, 1 young (1024K), 1 survivors (1024K)
 Metaspace       used 54211K, committed 54656K, reserved 1097728K
  class space    used 7117K, committed 7296K, reserved 1048576K
}
Event: 13.419 GC heap before
{Heap before GC invocations=29 (full 0):
 garbage-first heap   total 89088K, used 66205K [0x00000000a0000000, 0x0000000100000000)
  region size 1024K, 16 young (16384K), 1 survivors (1024K)
 Metaspace       used 56612K, committed 57152K, reserved 1105920K
  class space    used 7423K, committed 7680K, reserved 1048576K
}
Event: 13.422 GC heap after
{Heap after GC invocations=30 (full 0):
 garbage-first heap   total 89088K, used 51352K [0x00000000a0000000, 0x0000000100000000)
  region size 1024K, 2 young (2048K), 2 survivors (2048K)
 Metaspace       used 56612K, committed 57152K, reserved 1105920K
  class space    used 7423K, committed 7680K, reserved 1048576K
}
Event: 13.783 GC heap before
{Heap before GC invocations=31 (full 0):
 garbage-first heap   total 96256K, used 65688K [0x00000000a0000000, 0x0000000100000000)
  region size 1024K, 17 young (17408K), 2 survivors (2048K)
 Metaspace       used 58686K, committed 59136K, reserved 1105920K
  class space    used 7697K, committed 7872K, reserved 1048576K
}
Event: 13.788 GC heap after
{Heap after GC invocations=32 (full 0):
 garbage-first heap   total 96256K, used 51905K [0x00000000a0000000, 0x0000000100000000)
  region size 1024K, 2 young (2048K), 2 survivors (2048K)
 Metaspace       used 58686K, committed 59136K, reserved 1105920K
  class space    used 7697K, committed 7872K, reserved 1048576K
}
Event: 14.363 GC heap before
{Heap before GC invocations=32 (full 0):
 garbage-first heap   total 96256K, used 67265K [0x00000000a0000000, 0x0000000100000000)
  region size 1024K, 18 young (18432K), 2 survivors (2048K)
 Metaspace       used 62262K, committed 62848K, reserved 1105920K
  class space    used 8157K, committed 8448K, reserved 1048576K
}
Event: 14.368 GC heap after
{Heap after GC invocations=33 (full 0):
 garbage-first heap   total 96256K, used 53750K [0x00000000a0000000, 0x0000000100000000)
  region size 1024K, 3 young (3072K), 3 survivors (3072K)
 Metaspace       used 62262K, committed 62848K, reserved 1105920K
  class space    used 8157K, committed 8448K, reserved 1048576K
}
Event: 14.510 GC heap before
{Heap before GC invocations=34 (full 0):
 garbage-first heap   total 111616K, used 65014K [0x00000000a0000000, 0x0000000100000000)
  region size 1024K, 12 young (12288K), 3 survivors (3072K)
 Metaspace       used 62265K, committed 62848K, reserved 1105920K
  class space    used 8157K, committed 8448K, reserved 1048576K
}
Event: 14.518 GC heap after
{Heap after GC invocations=35 (full 0):
 garbage-first heap   total 111616K, used 59909K [0x00000000a0000000, 0x0000000100000000)
  region size 1024K, 3 young (3072K), 3 survivors (3072K)
 Metaspace       used 62265K, committed 62848K, reserved 1105920K
  class space    used 8157K, committed 8448K, reserved 1048576K
}
Event: 15.058 GC heap before
{Heap before GC invocations=36 (full 0):
 garbage-first heap   total 111616K, used 83461K [0x00000000a0000000, 0x0000000100000000)
  region size 1024K, 24 young (24576K), 3 survivors (3072K)
 Metaspace       used 64145K, committed 64640K, reserved 1105920K
  class space    used 8409K, committed 8640K, reserved 1048576K
}
Event: 15.063 GC heap after
{Heap after GC invocations=37 (full 0):
 garbage-first heap   total 111616K, used 57090K [0x00000000a0000000, 0x0000000100000000)
  region size 1024K, 2 young (2048K), 2 survivors (2048K)
 Metaspace       used 64145K, committed 64640K, reserved 1105920K
  class space    used 8409K, committed 8640K, reserved 1048576K
}
Event: 15.459 GC heap before
{Heap before GC invocations=37 (full 0):
 garbage-first heap   total 111616K, used 77570K [0x00000000a0000000, 0x0000000100000000)
  region size 1024K, 24 young (24576K), 2 survivors (2048K)
 Metaspace       used 65796K, committed 66368K, reserved 1114112K
  class space    used 8592K, committed 8832K, reserved 1048576K
}
Event: 15.464 GC heap after
{Heap after GC invocations=38 (full 0):
 garbage-first heap   total 134144K, used 58523K [0x00000000a0000000, 0x0000000100000000)
  region size 1024K, 4 young (4096K), 4 survivors (4096K)
 Metaspace       used 65796K, committed 66368K, reserved 1114112K
  class space    used 8592K, committed 8832K, reserved 1048576K
}
Event: 16.553 GC heap before
{Heap before GC invocations=38 (full 0):
 garbage-first heap   total 134144K, used 97435K [0x00000000a0000000, 0x0000000100000000)
  region size 1024K, 41 young (41984K), 4 survivors (4096K)
 Metaspace       used 69171K, committed 69760K, reserved 1114112K
  class space    used 9013K, committed 9280K, reserved 1048576K
}
Event: 16.562 GC heap after
{Heap after GC invocations=39 (full 0):
 garbage-first heap   total 134144K, used 60350K [0x00000000a0000000, 0x0000000100000000)
  region size 1024K, 4 young (4096K), 4 survivors (4096K)
 Metaspace       used 69171K, committed 69760K, reserved 1114112K
  class space    used 9013K, committed 9280K, reserved 1048576K
}

Dll operation events (2 events):
Event: 0.008 Loaded shared library E:\android studio\jbr\bin\java.dll
Event: 0.777 Loaded shared library E:\android studio\jbr\bin\verify.dll

Deoptimization events (20 events):
Event: 16.631 Thread 0x000001bb7952a3e0 DEOPT PACKING pc=0x000001bb625c28db sp=0x00000028317f3760
Event: 16.631 Thread 0x000001bb7952a3e0 DEOPT UNPACKING pc=0x000001bb69ab7143 sp=0x00000028317f2c98 mode 0
Event: 16.634 Thread 0x000001bb7952a3e0 DEOPT PACKING pc=0x000001bb625d8351 sp=0x00000028317f36e0
Event: 16.634 Thread 0x000001bb7952a3e0 DEOPT UNPACKING pc=0x000001bb69ab7143 sp=0x00000028317f2bd8 mode 0
Event: 16.682 Thread 0x000001bb7952a3e0 DEOPT PACKING pc=0x000001bb625c28db sp=0x00000028317f3760
Event: 16.682 Thread 0x000001bb7952a3e0 DEOPT UNPACKING pc=0x000001bb69ab7143 sp=0x00000028317f2c98 mode 0
Event: 16.683 Thread 0x000001bb7952a3e0 DEOPT PACKING pc=0x000001bb625d8351 sp=0x00000028317f36e0
Event: 16.683 Thread 0x000001bb7952a3e0 DEOPT UNPACKING pc=0x000001bb69ab7143 sp=0x00000028317f2bd8 mode 0
Event: 16.975 Thread 0x000001bb7952a3e0 Uncommon trap: trap_request=0xffffff45 fr.pc=0x000001bb6a36e05c relative=0x000000000000049c
Event: 16.975 Thread 0x000001bb7952a3e0 Uncommon trap: reason=unstable_if action=reinterpret pc=0x000001bb6a36e05c method=java.util.StringJoiner.add(Ljava/lang/CharSequence;)Ljava/util/StringJoiner; @ 33 c2
Event: 16.975 Thread 0x000001bb7952a3e0 DEOPT PACKING pc=0x000001bb6a36e05c sp=0x00000028317f1360
Event: 16.975 Thread 0x000001bb7952a3e0 DEOPT UNPACKING pc=0x000001bb69ab69a3 sp=0x00000028317f1310 mode 2
Event: 17.156 Thread 0x000001bb7952a3e0 Uncommon trap: trap_request=0xffffff45 fr.pc=0x000001bb6a36b668 relative=0x0000000000000488
Event: 17.156 Thread 0x000001bb7952a3e0 Uncommon trap: reason=unstable_if action=reinterpret pc=0x000001bb6a36b668 method=org.codehaus.groovy.runtime.metaclass.MetaMethodIndex.copyNonPrivateNonNewMetaMethods(Lorg/codehaus/groovy/runtime/metaclass/MetaMethodIndex$Entry;Lorg/codehaus/groovy/runti
Event: 17.156 Thread 0x000001bb7952a3e0 DEOPT PACKING pc=0x000001bb6a36b668 sp=0x00000028317f25d0
Event: 17.156 Thread 0x000001bb7952a3e0 DEOPT UNPACKING pc=0x000001bb69ab69a3 sp=0x00000028317f2588 mode 2
Event: 17.396 Thread 0x000001bb7952a3e0 Uncommon trap: trap_request=0xffffffdc fr.pc=0x000001bb6a3d4640 relative=0x00000000000002a0
Event: 17.396 Thread 0x000001bb7952a3e0 Uncommon trap: reason=class_check action=make_not_entrant pc=0x000001bb6a3d4640 method=java.util.ArrayList.toArray([Ljava/lang/Object;)[Ljava/lang/Object; @ 21 c2
Event: 17.396 Thread 0x000001bb7952a3e0 DEOPT PACKING pc=0x000001bb6a3d4640 sp=0x00000028317f2ac0
Event: 17.396 Thread 0x000001bb7952a3e0 DEOPT UNPACKING pc=0x000001bb69ab69a3 sp=0x00000028317f2a80 mode 2

Classes unloaded (0 events):
No events

Classes redefined (0 events):
No events

Internal exceptions (20 events):
Event: 17.429 Thread 0x000001bb7952a3e0 Exception <a 'java/lang/ClassNotFoundException'{0x00000000a69c2d70}: org/gradle/api/internal/project/ProjectStateInternalBeanInfo> (0x00000000a69c2d70) 
thrown [s\src\hotspot\share\classfile\systemDictionary.cpp, line 256]
Event: 17.431 Thread 0x000001bb7952a3e0 Exception <a 'java/lang/ClassNotFoundException'{0x00000000a69e0dc0}: org/gradle/api/internal/project/ProjectStateInternalCustomizer> (0x00000000a69e0dc0) 
thrown [s\src\hotspot\share\classfile\systemDictionary.cpp, line 256]
Event: 17.437 Thread 0x000001bb7952a3e0 Exception <a 'java/lang/ClassNotFoundException'{0x00000000a670f448}: java/lang/StringBeanInfo> (0x00000000a670f448) 
thrown [s\src\hotspot\share\classfile\systemDictionary.cpp, line 256]
Event: 17.438 Thread 0x000001bb7952a3e0 Exception <a 'java/lang/ClassNotFoundException'{0x00000000a671c190}: java/lang/StringCustomizer> (0x00000000a671c190) 
thrown [s\src\hotspot\share\classfile\systemDictionary.cpp, line 256]
Event: 17.466 Thread 0x000001bb7952a3e0 Exception <a 'java/lang/ClassNotFoundException'{0x00000000a67b7a30}: groovy/runtime/metaclass/[Ljava/lang/String;MetaClass> (0x00000000a67b7a30) 
thrown [s\src\hotspot\share\prims\jni.cpp, line 536]
Event: 17.466 Thread 0x000001bb7952a3e0 Exception <a 'java/lang/ClassNotFoundException'{0x00000000a67c0a40}: [Ljava/lang/String;BeanInfo> (0x00000000a67c0a40) 
thrown [s\src\hotspot\share\prims\jni.cpp, line 536]
Event: 17.466 Thread 0x000001bb7952a3e0 Exception <a 'java/lang/ClassNotFoundException'{0x00000000a67c2a90}: [Ljava/lang/String;BeanInfo> (0x00000000a67c2a90) 
thrown [s\src\hotspot\share\prims\jni.cpp, line 536]
Event: 17.466 Thread 0x000001bb7952a3e0 Exception <a 'java/lang/ClassNotFoundException'{0x00000000a67c4ba0}: [Ljava/lang/String;Customizer> (0x00000000a67c4ba0) 
thrown [s\src\hotspot\share\prims\jni.cpp, line 536]
Event: 17.466 Thread 0x000001bb7952a3e0 Exception <a 'java/lang/ClassNotFoundException'{0x00000000a67c6bf0}: [Ljava/lang/String;Customizer> (0x00000000a67c6bf0) 
thrown [s\src\hotspot\share\prims\jni.cpp, line 536]
Event: 17.474 Thread 0x000001bb7952a3e0 Exception <a 'java/lang/ClassNotFoundException'{0x00000000a6637170}: java/util/LinkedHashMapBeanInfo> (0x00000000a6637170) 
thrown [s\src\hotspot\share\classfile\systemDictionary.cpp, line 256]
Event: 17.475 Thread 0x000001bb7952a3e0 Exception <a 'java/lang/ClassNotFoundException'{0x00000000a6644ee0}: java/util/HashMapBeanInfo> (0x00000000a6644ee0) 
thrown [s\src\hotspot\share\classfile\systemDictionary.cpp, line 256]
Event: 17.488 Thread 0x000001bb7952a3e0 Exception <a 'java/lang/ClassNotFoundException'{0x00000000a6652c28}: java/util/HashMapCustomizer> (0x00000000a6652c28) 
thrown [s\src\hotspot\share\classfile\systemDictionary.cpp, line 256]
Event: 17.489 Thread 0x000001bb7952a3e0 Exception <a 'java/lang/ClassNotFoundException'{0x00000000a6677bb0}: java/util/LinkedHashMapCustomizer> (0x00000000a6677bb0) 
thrown [s\src\hotspot\share\classfile\systemDictionary.cpp, line 256]
Event: 17.500 Thread 0x000001bb7952a3e0 Exception <a 'java/lang/ClassNotFoundException'{0x00000000a642b738}: org/gradle/api/internal/DefaultDomainObjectSet_DecoratedBeanInfo> (0x00000000a642b738) 
thrown [s\src\hotspot\share\classfile\systemDictionary.cpp, line 256]
Event: 17.501 Thread 0x000001bb7952a3e0 Exception <a 'java/lang/ClassNotFoundException'{0x00000000a6449e90}: org/gradle/api/internal/DefaultDomainObjectSetBeanInfo> (0x00000000a6449e90) 
thrown [s\src\hotspot\share\classfile\systemDictionary.cpp, line 256]
Event: 17.503 Thread 0x000001bb7952a3e0 Exception <a 'java/lang/ClassNotFoundException'{0x00000000a6467bf0}: org/gradle/api/internal/DefaultDomainObjectSetCustomizer> (0x00000000a6467bf0) 
thrown [s\src\hotspot\share\classfile\systemDictionary.cpp, line 256]
Event: 17.515 Thread 0x000001bb7952a3e0 Exception <a 'java/lang/ClassNotFoundException'{0x00000000a6494250}: org/gradle/api/internal/DefaultDomainObjectSet_DecoratedCustomizer> (0x00000000a6494250) 
thrown [s\src\hotspot\share\classfile\systemDictionary.cpp, line 256]
Event: 17.527 Thread 0x000001bb7952a3e0 Exception <a 'java/lang/NoSuchMethodError'{0x00000000a64f71e0}: 'java.lang.Object java.lang.invoke.DirectMethodHandle$Holder.invokeStatic(java.lang.Object, java.lang.Object, java.lang.Object, java.lang.Object, int)'> (0x00000000a64f71e0) 
thrown [s\src\hotspot\share\interpreter\linkResolver.cpp, line 771]
Event: 17.597 Thread 0x000001bb7952a3e0 Exception <a 'java/lang/ClassNotFoundException'{0x00000000a61e7db8}: org/codehaus/groovy/runtime/MethodClosureBeanInfo> (0x00000000a61e7db8) 
thrown [s\src\hotspot\share\classfile\systemDictionary.cpp, line 256]
Event: 17.601 Thread 0x000001bb7952a3e0 Exception <a 'java/lang/ClassNotFoundException'{0x00000000a5e93750}: org/codehaus/groovy/runtime/MethodClosureCustomizer> (0x00000000a5e93750) 
thrown [s\src\hotspot\share\classfile\systemDictionary.cpp, line 256]

VM Operations (20 events):
Event: 14.510 Executing VM operation: G1TryInitiateConcMark
Event: 14.518 Executing VM operation: G1TryInitiateConcMark done
Event: 14.602 Executing VM operation: G1Concurrent
Event: 14.606 Executing VM operation: G1Concurrent done
Event: 14.647 Executing VM operation: G1Concurrent
Event: 14.667 Executing VM operation: G1Concurrent done
Event: 15.058 Executing VM operation: G1CollectForAllocation
Event: 15.064 Executing VM operation: G1CollectForAllocation done
Event: 15.459 Executing VM operation: G1TryInitiateConcMark
Event: 15.465 Executing VM operation: G1TryInitiateConcMark done
Event: 15.714 Executing VM operation: HandshakeAllThreads
Event: 15.714 Executing VM operation: HandshakeAllThreads done
Event: 16.270 Executing VM operation: ICBufferFull
Event: 16.270 Executing VM operation: ICBufferFull done
Event: 16.291 Executing VM operation: HandshakeAllThreads
Event: 16.291 Executing VM operation: HandshakeAllThreads done
Event: 16.552 Executing VM operation: G1CollectForAllocation
Event: 16.563 Executing VM operation: G1CollectForAllocation done
Event: 17.574 Executing VM operation: Cleanup
Event: 17.592 Executing VM operation: Cleanup done

Events (20 events):
Event: 17.437 loading class java/lang/StringCustomizer
Event: 17.437 loading class java/lang/StringCustomizer done
Event: 17.438 loading class java/lang/StringCustomizer
Event: 17.438 loading class java/lang/StringCustomizer done
Event: 17.474 loading class java/util/LinkedHashMapBeanInfo
Event: 17.474 loading class java/util/LinkedHashMapBeanInfo done
Event: 17.474 loading class java/util/LinkedHashMapBeanInfo
Event: 17.474 loading class java/util/LinkedHashMapBeanInfo done
Event: 17.474 loading class java/util/HashMapBeanInfo
Event: 17.474 loading class java/util/HashMapBeanInfo done
Event: 17.475 loading class java/util/HashMapBeanInfo
Event: 17.475 loading class java/util/HashMapBeanInfo done
Event: 17.475 loading class java/util/HashMapCustomizer
Event: 17.475 loading class java/util/HashMapCustomizer done
Event: 17.488 loading class java/util/HashMapCustomizer
Event: 17.488 loading class java/util/HashMapCustomizer done
Event: 17.488 loading class java/util/LinkedHashMapCustomizer
Event: 17.488 loading class java/util/LinkedHashMapCustomizer done
Event: 17.489 loading class java/util/LinkedHashMapCustomizer
Event: 17.489 loading class java/util/LinkedHashMapCustomizer done


Dynamic libraries:
0x00007ff6365a0000 - 0x00007ff6365aa000 	E:\android studio\jbr\bin\java.exe
0x00007ff889610000 - 0x00007ff889807000 	C:\Windows\SYSTEM32\ntdll.dll
0x00007ff888260000 - 0x00007ff88831d000 	C:\Windows\System32\KERNEL32.DLL
0x00007ff8873a0000 - 0x00007ff88766d000 	C:\Windows\System32\KERNELBASE.dll
0x00007ff8872a0000 - 0x00007ff8873a0000 	C:\Windows\System32\ucrtbase.dll
0x00007ff882c50000 - 0x00007ff882c6b000 	E:\android studio\jbr\bin\VCRUNTIME140.dll
0x00007ff876980000 - 0x00007ff876997000 	E:\android studio\jbr\bin\jli.dll
0x00007ff888700000 - 0x00007ff8888a0000 	C:\Windows\System32\USER32.dll
0x00007ff870950000 - 0x00007ff870bea000 	C:\Windows\WinSxS\amd64_microsoft.windows.common-controls_6595b64144ccf1df_6.0.19041.1110_none_60b5254171f9507e\COMCTL32.dll
0x00007ff886ef0000 - 0x00007ff886f12000 	C:\Windows\System32\win32u.dll
0x00007ff8893e0000 - 0x00007ff88947e000 	C:\Windows\System32\msvcrt.dll
0x00007ff888a10000 - 0x00007ff888a3a000 	C:\Windows\System32\GDI32.dll
0x00007ff886d30000 - 0x00007ff886e3b000 	C:\Windows\System32\gdi32full.dll
0x00007ff887010000 - 0x00007ff8870ad000 	C:\Windows\System32\msvcp_win.dll
0x00007ff887670000 - 0x00007ff8876a0000 	C:\Windows\System32\IMM32.DLL
0x00007ff882c40000 - 0x00007ff882c4c000 	E:\android studio\jbr\bin\vcruntime140_1.dll
0x00007ff847ff0000 - 0x00007ff84807d000 	E:\android studio\jbr\bin\msvcp140.dll
0x00007ff8492c0000 - 0x00007ff849f2d000 	E:\android studio\jbr\bin\server\jvm.dll
0x00007ff888b40000 - 0x00007ff888bee000 	C:\Windows\System32\ADVAPI32.dll
0x00007ff889070000 - 0x00007ff88910c000 	C:\Windows\System32\sechost.dll
0x00007ff8892b0000 - 0x00007ff8893d5000 	C:\Windows\System32\RPCRT4.dll
0x00007ff881560000 - 0x00007ff88156a000 	C:\Windows\SYSTEM32\VERSION.dll
0x00007ff876940000 - 0x00007ff876949000 	C:\Windows\SYSTEM32\WSOCK32.dll
0x00007ff859cf0000 - 0x00007ff859d17000 	C:\Windows\SYSTEM32\WINMM.dll
0x00007ff889480000 - 0x00007ff8894eb000 	C:\Windows\System32\WS2_32.dll
0x00007ff884c30000 - 0x00007ff884c42000 	C:\Windows\SYSTEM32\kernel.appcore.dll
0x00007ff86f500000 - 0x00007ff86f50a000 	E:\android studio\jbr\bin\jimage.dll
0x00007ff867330000 - 0x00007ff867514000 	C:\Windows\SYSTEM32\DBGHELP.DLL
0x00007ff85d570000 - 0x00007ff85d59c000 	C:\Windows\SYSTEM32\dbgcore.DLL
0x00007ff887210000 - 0x00007ff887292000 	C:\Windows\System32\bcryptPrimitives.dll
0x00007ff852b20000 - 0x00007ff852b45000 	E:\android studio\jbr\bin\java.dll
0x00007ff85a4f0000 - 0x00007ff85a508000 	E:\android studio\jbr\bin\zip.dll
0x00007ff8876a0000 - 0x00007ff887de4000 	C:\Windows\System32\SHELL32.dll
0x00007ff884e30000 - 0x00007ff8855c4000 	C:\Windows\SYSTEM32\windows.storage.dll
0x00007ff888320000 - 0x00007ff888674000 	C:\Windows\System32\combase.dll
0x00007ff886720000 - 0x00007ff88674c000 	C:\Windows\SYSTEM32\Wldp.dll
0x00007ff887df0000 - 0x00007ff887e9d000 	C:\Windows\System32\SHCORE.dll
0x00007ff888950000 - 0x00007ff8889a5000 	C:\Windows\System32\shlwapi.dll
0x00007ff886c70000 - 0x00007ff886c8f000 	C:\Windows\SYSTEM32\profapi.dll
0x00007ff855310000 - 0x00007ff855329000 	E:\android studio\jbr\bin\net.dll
0x00007ff880640000 - 0x00007ff88074a000 	C:\Windows\SYSTEM32\WINHTTP.dll
0x00007ff886480000 - 0x00007ff8864ea000 	C:\Windows\system32\mswsock.dll
0x00007ff84cca0000 - 0x00007ff84ccb6000 	E:\android studio\jbr\bin\nio.dll
0x00007ff864ec0000 - 0x00007ff864ed0000 	E:\android studio\jbr\bin\verify.dll
0x00007ff858ed0000 - 0x00007ff858ef7000 	C:\Users\HP 840 G3\.gradle\native\e1d6ef7f7dcc3fd88c89a11ec53ec762bb8ba0a96d01ffa2cd45eb1d1d8dd5c5\windows-amd64\native-platform.dll
0x00007ff845940000 - 0x00007ff845a84000 	C:\Users\HP 840 G3\.gradle\native\0d407fdbe67a94daf76414ababcb853783967236a71b16ec16e742cd7a986fd3\windows-amd64\native-platform-file-events.dll
0x00007ff8676f0000 - 0x00007ff8676f9000 	E:\android studio\jbr\bin\management.dll
0x00007ff866e40000 - 0x00007ff866e4b000 	E:\android studio\jbr\bin\management_ext.dll
0x00007ff888a40000 - 0x00007ff888a48000 	C:\Windows\System32\PSAPI.DLL
0x00007ff886670000 - 0x00007ff886688000 	C:\Windows\SYSTEM32\CRYPTSP.dll
0x00007ff885e00000 - 0x00007ff885e34000 	C:\Windows\system32\rsaenh.dll
0x00007ff886f70000 - 0x00007ff886f97000 	C:\Windows\System32\bcrypt.dll
0x00007ff886c30000 - 0x00007ff886c5e000 	C:\Windows\SYSTEM32\USERENV.dll
0x00007ff886690000 - 0x00007ff88669c000 	C:\Windows\SYSTEM32\CRYPTBASE.dll
0x00007ff886170000 - 0x00007ff8861ab000 	C:\Windows\SYSTEM32\IPHLPAPI.DLL
0x00007ff889060000 - 0x00007ff889068000 	C:\Windows\System32\NSI.dll
0x00007ff87d8f0000 - 0x00007ff87d907000 	C:\Windows\SYSTEM32\dhcpcsvc6.DLL
0x00007ff87f7e0000 - 0x00007ff87f7fd000 	C:\Windows\SYSTEM32\dhcpcsvc.DLL
0x00007ff8861b0000 - 0x00007ff88627b000 	C:\Windows\SYSTEM32\DNSAPI.dll
0x00007ff8299f0000 - 0x00007ff8299f7000 	C:\Windows\system32\wshunix.dll

dbghelp: loaded successfully - version: 4.0.5 - missing functions: none
symbol engine: initialized successfully - sym options: 0x614 - pdb path: .;E:\android studio\jbr\bin;C:\Windows\SYSTEM32;C:\Windows\WinSxS\amd64_microsoft.windows.common-controls_6595b64144ccf1df_6.0.19041.1110_none_60b5254171f9507e;E:\android studio\jbr\bin\server;C:\Users\HP 840 G3\.gradle\native\e1d6ef7f7dcc3fd88c89a11ec53ec762bb8ba0a96d01ffa2cd45eb1d1d8dd5c5\windows-amd64;C:\Users\HP 840 G3\.gradle\native\0d407fdbe67a94daf76414ababcb853783967236a71b16ec16e742cd7a986fd3\windows-amd64

VM Arguments:
jvm_args: --add-opens=java.base/java.util=ALL-UNNAMED --add-opens=java.base/java.lang=ALL-UNNAMED --add-opens=java.base/java.lang.invoke=ALL-UNNAMED --add-opens=java.base/java.util=ALL-UNNAMED --add-opens=java.prefs/java.util.prefs=ALL-UNNAMED --add-opens=java.prefs/java.util.prefs=ALL-UNNAMED --add-opens=java.base/java.nio.charset=ALL-UNNAMED --add-opens=java.base/java.net=ALL-UNNAMED --add-opens=java.base/java.util.concurrent.atomic=ALL-UNNAMED -Xmx1536M -Dfile.encoding=windows-1252 -Duser.country=CA -Duser.language=fr -Duser.variant 
java_command: org.gradle.launcher.daemon.bootstrap.GradleDaemon 7.5
java_class_path (initial): C:\Users\HP 840 G3\.gradle\wrapper\dists\gradle-7.5-all\6qsw290k5lz422uaf8jf6m7co\gradle-7.5\lib\gradle-launcher-7.5.jar
Launcher Type: SUN_STANDARD

[Global flags]
     intx CICompilerCount                          = 3                                         {product} {ergonomic}
     uint ConcGCThreads                            = 1                                         {product} {ergonomic}
     uint G1ConcRefinementThreads                  = 4                                         {product} {ergonomic}
   size_t G1HeapRegionSize                         = 1048576                                   {product} {ergonomic}
    uintx GCDrainStackTargetSize                   = 64                                        {product} {ergonomic}
   size_t InitialHeapSize                          = 134217728                                 {product} {ergonomic}
   size_t MarkStackSize                            = 4194304                                   {product} {ergonomic}
   size_t MaxHeapSize                              = 1610612736                                {product} {command line}
   size_t MaxNewSize                               = 965738496                                 {product} {ergonomic}
   size_t MinHeapDeltaBytes                        = 1048576                                   {product} {ergonomic}
   size_t MinHeapSize                              = 8388608                                   {product} {ergonomic}
    uintx NonNMethodCodeHeapSize                   = 5832780                                {pd product} {ergonomic}
    uintx NonProfiledCodeHeapSize                  = 122912730                              {pd product} {ergonomic}
    uintx ProfiledCodeHeapSize                     = 122912730                              {pd product} {ergonomic}
    uintx ReservedCodeCacheSize                    = 251658240                              {pd product} {ergonomic}
     bool SegmentedCodeCache                       = true                                      {product} {ergonomic}
   size_t SoftMaxHeapSize                          = 1610612736                             {manageable} {ergonomic}
     bool UseCompressedClassPointers               = true                           {product lp64_product} {ergonomic}
     bool UseCompressedOops                        = true                           {product lp64_product} {ergonomic}
     bool UseG1GC                                  = true                                      {product} {ergonomic}
     bool UseLargePagesIndividualAllocation        = false                                  {pd product} {ergonomic}

Logging:
Log output configuration:
 #0: stdout all=warning uptime,level,tags
 #1: stderr all=off uptime,level,tags

Environment Variables:
JAVA_HOME=E:\android studio\jbr
CLASSPATH=E:\Odoo\android\\gradle\wrapper\gradle-wrapper.jar
PATH=C:\Program Files\Common Files\Oracle\Java\javapath;C:\ffmpeg\bin;C:\ffmpeg\bin;C:\Windows\system32;C:\Windows;C:\Windows\System32\Wbem;C:\Windows\System32\WindowsPowerShell\v1.0\;C:\Windows\System32\OpenSSH\;C:\Users\HP 840 G3\AppData\Local\Programs\Python\Python310\Scripts\;C:\Users\HP 840 G3\AppData\Local\Programs\Python\Python310\;C:\Users\HP 840 G3\AppData\Local\Microsoft\WindowsApps;C:\Users\HP 840 G3\AppData\Local\Programs\Microsoft VS Code\bin;C:\Program Files\Git\cmd;E:\jdk se\bin;E:\src\flutter\bin;E:\src\flutter;C:\Users\HP 840 G3\AppData\Local\Programs\Python\Python311\Scripts\;C:\Users\HP 840 G3\AppData\Local\Programs\Python\Python311\;C:\Users\HP 840 G3\AppData\Local\Programs\Python\Python310\Scripts\;C:\Users\HP 840 G3\AppData\Local\Programs\Python\Python310\;C:\Users\HP 840 G3\AppData\Local\Microsoft\WindowsApps;C:\Users\HP 840 G3\AppData\Local\Programs\Microsoft VS Code\bin;E:\IntelliJ IDEA 2022.3.2\bin;;E:\libogg;E:\libvorbis;C:\Program Files\JetBrains\IntelliJ IDEA Community Edition 2022.3.3\bin;;E:\Latec\miktex\bin\x64\;E:\src\flutter\bin\mingit\cmd
USERNAME=HP 840 G3
OS=Windows_NT
PROCESSOR_IDENTIFIER=Intel64 Family 6 Model 78 Stepping 3, GenuineIntel
TMP=C:\Users\HP840G~1\AppData\Local\Temp
TEMP=C:\Users\HP840G~1\AppData\Local\Temp



---------------  S Y S T E M  ---------------

OS:
 Windows 10 , 64 bit Build 19041 (10.0.19041.1741)
OS uptime: 1 days 15:38 hours

CPU: total 4 (initial active 4) (2 cores per cpu, 2 threads per core) family 6 model 78 stepping 3 microcode 0xea, cx8, cmov, fxsr, ht, mmx, 3dnowpref, sse, sse2, sse3, ssse3, sse4.1, sse4.2, popcnt, lzcnt, tsc, tscinvbit, avx, avx2, aes, erms, clmul, bmi1, bmi2, rtm, adx, fma, vzeroupper, clflush, clflushopt

Memory: 4k page, system-wide physical 8071M (379M free)
TotalPageFile size 18516M (AvailPageFile size 5M)
current process WorkingSet (physical memory assigned to process): 343M, peak: 346M
current process commit charge ("private bytes"): 378M, peak: 380M

vm_info: OpenJDK 64-Bit Server VM (17.0.6+0-b2043.56-9586694) for windows-amd64 JRE (17.0.6+0-b2043.56-9586694), built on Feb  9 2023 20:06:20 by "androidbuild" with MS VC++ 16.10 / 16.11 (VS2019)

END.
